#
# There is insufficient memory for the Java Runtime Environment to continue.
# Native memory allocation (mmap) failed to map 2064384 bytes for G1 virtual space
# Possible reasons:
#   The system is out of physical RAM or swap space
#   The process is running with CompressedOops enabled, and the Java Heap may be blocking the growth of the native heap
# Possible solutions:
#   Reduce memory load on the system
#   Increase physical memory or swap space
#   Check if swap backing store is full
#   Decrease Java heap size (-Xmx/-Xms)
#   Decrease number of Java threads
#   Decrease Java thread stack sizes (-Xss)
#   Set larger code cache with -XX:ReservedCodeCacheSize=
#   JVM is running with Unscaled Compressed Oops mode in which the Java heap is
#     placed in the first 4GB address space. The Java Heap base address is the
#     maximum limit for the native heap growth. Please use -XX:HeapBaseMinAddress
#     to set the Java Heap base and to place the Java Heap above 4GB virtual address.
# This output file may be truncated or incomplete.
#
#  Out of Memory Error (os_windows.cpp:3466), pid=10332, tid=12828
#
# JRE version:  (16.0.1+9) (build )
# Java VM: OpenJDK 64-Bit Server VM (16.0.1+9-24, mixed mode, sharing, tiered, compressed oops, compressed class ptrs, g1 gc, windows-amd64)
# No core dump will be written. Minidumps are not enabled by default on client versions of Windows
#

---------------  S U M M A R Y ------------

Command Line: -javaagent:C:\Program Files\JetBrains\IntelliJ IDEA Community Edition 2021.1.1\lib\idea_rt.jar=58513:C:\Program Files\JetBrains\IntelliJ IDEA Community Edition 2021.1.1\bin -Dfile.encoding=UTF-8 oop.example.Ex41.Ex41

Host: Intel(R) Core(TM) i5-6200U CPU @ 2.30GHz, 4 cores, 7G,  Windows 10 , 64 bit Build 19041 (10.0.19041.928)
Time: Sun Jun 20 22:52:56 2021 Eastern Daylight Time elapsed time: 0.051544 seconds (0d 0h 0m 0s)

---------------  T H R E A D  ---------------

Current thread (0x000001c3fbdd8fa0):  JavaThread "Unknown thread" [_thread_in_vm, id=12828, stack(0x0000007e56300000,0x0000007e56400000)]

Stack: [0x0000007e56300000,0x0000007e56400000]
Native frames: (J=compiled Java code, j=interpreted, Vv=VM code, C=native code)
V  [jvm.dll+0x6687ca]
V  [jvm.dll+0x7ca3c9]
V  [jvm.dll+0x7cbb53]
V  [jvm.dll+0x7cc1b3]
V  [jvm.dll+0x242ea5]
V  [jvm.dll+0x665589]
V  [jvm.dll+0x65a175]
V  [jvm.dll+0x2fc5ab]
V  [jvm.dll+0x3037a6]
V  [jvm.dll+0x353003]
V  [jvm.dll+0x35321f]
V  [jvm.dll+0x2d3618]
V  [jvm.dll+0x2d4854]
V  [jvm.dll+0x79ccb1]
V  [jvm.dll+0x360de1]
V  [jvm.dll+0x77a990]
V  [jvm.dll+0x3e55af]
V  [jvm.dll+0x3e7081]
C  [jli.dll+0x52fb]
C  [ucrtbase.dll+0x21bb2]
C  [KERNEL32.DLL+0x17034]
C  [ntdll.dll+0x52651]


---------------  P R O C E S S  ---------------

Threads class SMR info:
_java_thread_list=0x00007fff2318cbb8, length=0, elements={
}

Java Threads: ( => current thread )

Other Threads:
  0x000001c3fbe18970 GCTaskThread "GC Thread#0" [stack: 0x0000007e56400000,0x0000007e56500000] [id=10144]
  0x000001c3fbe2a450 ConcurrentGCThread "G1 Main Marker" [stack: 0x0000007e56500000,0x0000007e56600000] [id=17920]
  0x000001c3fbe2add0 ConcurrentGCThread "G1 Conc#0" [stack: 0x0000007e56600000,0x0000007e56700000] [id=18504]

[error occurred during error reporting (printing all threads), id 0xc0000005, EXCEPTION_ACCESS_VIOLATION (0xc0000005) at pc=0x00007fff229644d7]

VM state: not at safepoint (not fully initialized)

VM Mutex/Monitor currently owned by a thread:  ([mutex/lock_event])
[0x000001c3fbdd4f40] Heap_lock - owner thread: 0x000001c3fbdd8fa0

Heap address: 0x0000000082400000, size: 2012 MB, Compressed Oops mode: 32-bit

CDS archive(s) mapped at: [0x0000000000000000-0x0000000000000000-0x0000000000000000), size 0, SharedBaseAddress: 0x0000000800000000, ArchiveRelocationMode: 0.
Narrow klass base: 0x0000000000000000, Narrow klass shift: 0, Narrow klass range: 0x0

GC Precious Log:
<Empty>

Heap:
 garbage-first heap   total 0K, used 0K [0x0000000082400000, 0x0000000100000000)
  region size 1024K, 0 young (0K), 0 survivors (0K)

[error occurred during error reporting (printing heap information), id 0xc0000005, EXCEPTION_ACCESS_VIOLATION (0xc0000005) at pc=0x00007fff22d424ed]

GC Heap History (0 events):
No events

Deoptimization events (0 events):
No events

Classes unloaded (0 events):
No events

Classes redefined (0 events):
No events

Internal exceptions (0 events):
No events

Events (1 events):
Event: 0.039 Loaded shared library C:\Users\dutch\Desktop\OOP\jdk-16.0.1\bin\java.dll


Dynamic libraries:
0x00007ff67b2e0000 - 0x00007ff67b2ee000 	C:\Users\dutch\Desktop\OOP\jdk-16.0.1\bin\java.exe
0x00007fff90010000 - 0x00007fff90205000 	C:\WINDOWS\SYSTEM32\ntdll.dll
0x00007fff8fb60000 - 0x00007fff8fc1d000 	C:\WINDOWS\System32\KERNEL32.DLL
0x00007fff8da90000 - 0x00007fff8dd58000 	C:\WINDOWS\System32\KERNELBASE.dll
0x00007fff8df70000 - 0x00007fff8e070000 	C:\WINDOWS\System32\ucrtbase.dll
0x00007fff81bc0000 - 0x00007fff81bd8000 	C:\Users\dutch\Desktop\OOP\jdk-16.0.1\bin\jli.dll
0x00007fff8e460000 - 0x00007fff8e600000 	C:\WINDOWS\System32\USER32.dll
0x00007fff8df40000 - 0x00007fff8df62000 	C:\WINDOWS\System32\win32u.dll
0x00007fff8e6d0000 - 0x00007fff8e6fa000 	C:\WINDOWS\System32\GDI32.dll
0x00007fff8de30000 - 0x00007fff8df3b000 	C:\WINDOWS\System32\gdi32full.dll
0x00007fff8d750000 - 0x00007fff8d7ed000 	C:\WINDOWS\System32\msvcp_win.dll
0x00007fff81ba0000 - 0x00007fff81bb9000 	C:\Users\dutch\Desktop\OOP\jdk-16.0.1\bin\VCRUNTIME140.dll
0x00007fff7ce40000 - 0x00007fff7d0da000 	C:\WINDOWS\WinSxS\amd64_microsoft.windows.common-controls_6595b64144ccf1df_6.0.19041.844_none_ca00b6081b84eb1d\COMCTL32.dll
0x00007fff8fac0000 - 0x00007fff8fb5e000 	C:\WINDOWS\System32\msvcrt.dll
0x00007fff8ef00000 - 0x00007fff8ef30000 	C:\WINDOWS\System32\IMM32.DLL
0x00007fff89230000 - 0x00007fff8923c000 	C:\Users\dutch\Desktop\OOP\jdk-16.0.1\bin\vcruntime140_1.dll
0x00007fff6b9f0000 - 0x00007fff6ba81000 	C:\Users\dutch\Desktop\OOP\jdk-16.0.1\bin\msvcp140.dll
0x00007fff22680000 - 0x00007fff2322b000 	C:\Users\dutch\Desktop\OOP\jdk-16.0.1\bin\server\jvm.dll
0x00007fff8e700000 - 0x00007fff8e7ac000 	C:\WINDOWS\System32\ADVAPI32.dll
0x00007fff8fcb0000 - 0x00007fff8fd4b000 	C:\WINDOWS\System32\sechost.dll
0x00007fff8e2d0000 - 0x00007fff8e3fb000 	C:\WINDOWS\System32\RPCRT4.dll
0x00007fff8e2c0000 - 0x00007fff8e2c8000 	C:\WINDOWS\System32\PSAPI.DLL
0x00007fff7d890000 - 0x00007fff7d899000 	C:\WINDOWS\SYSTEM32\WSOCK32.dll
0x00007fff8f3a0000 - 0x00007fff8f40b000 	C:\WINDOWS\System32\WS2_32.dll
0x00007fff78c00000 - 0x00007fff78c27000 	C:\WINDOWS\SYSTEM32\WINMM.dll
0x00007fff82ff0000 - 0x00007fff82ffa000 	C:\WINDOWS\SYSTEM32\VERSION.dll
0x00007fff8b6a0000 - 0x00007fff8b6b2000 	C:\WINDOWS\SYSTEM32\kernel.appcore.dll
0x00007fff81b90000 - 0x00007fff81b9a000 	C:\Users\dutch\Desktop\OOP\jdk-16.0.1\bin\jimage.dll
0x00007fff7d5a0000 - 0x00007fff7d784000 	C:\WINDOWS\SYSTEM32\DBGHELP.DLL
0x00007fff765e0000 - 0x00007fff7660c000 	C:\WINDOWS\SYSTEM32\dbgcore.DLL
0x00007fff8ddb0000 - 0x00007fff8de30000 	C:\WINDOWS\System32\bcryptPrimitives.dll
0x00007fff81a80000 - 0x00007fff81a8e000 	C:\Users\dutch\Desktop\OOP\jdk-16.0.1\bin\instrument.dll
0x00007fff81b60000 - 0x00007fff81b85000 	C:\Users\dutch\Desktop\OOP\jdk-16.0.1\bin\java.dll

dbghelp: loaded successfully - version: 4.0.5 - missing functions: none
symbol engine: initialized successfully - sym options: 0x614 - pdb path: .;C:\Users\dutch\Desktop\OOP\jdk-16.0.1\bin;C:\WINDOWS\SYSTEM32;C:\WINDOWS\WinSxS\amd64_microsoft.windows.common-controls_6595b64144ccf1df_6.0.19041.844_none_ca00b6081b84eb1d;C:\Users\dutch\Desktop\OOP\jdk-16.0.1\bin\server

VM Arguments:
jvm_args: -javaagent:C:\Program Files\JetBrains\IntelliJ IDEA Community Edition 2021.1.1\lib\idea_rt.jar=58513:C:\Program Files\JetBrains\IntelliJ IDEA Community Edition 2021.1.1\bin -Dfile.encoding=UTF-8 
java_command: oop.example.Ex41.Ex41
java_class_path (initial): C:\Users\dutch\Desktop\OOP\Intellij Projects\Motivated Practice Problems\Exercises_41-46\target\classes
Launcher Type: SUN_STANDARD

[Global flags]
     intx CICompilerCount                          = 3                                         {product} {ergonomic}
     uint ConcGCThreads                            = 1                                         {product} {ergonomic}
     uint G1ConcRefinementThreads                  = 4                                         {product} {ergonomic}
   size_t G1HeapRegionSize                         = 1048576                                   {product} {ergonomic}
    uintx GCDrainStackTargetSize                   = 64                                        {product} {ergonomic}
   size_t InitialHeapSize                          = 132120576                                 {product} {ergonomic}
   size_t MarkStackSize                            = 4194304                                   {product} {ergonomic}
   size_t MaxHeapSize                              = 2109734912                                {product} {ergonomic}
   size_t MinHeapDeltaBytes                        = 1048576                                   {product} {ergonomic}
   size_t MinHeapSize                              = 8388608                                   {product} {ergonomic}
    uintx NonNMethodCodeHeapSize                   = 5832780                                {pd product} {ergonomic}
    uintx NonProfiledCodeHeapSize                  = 122912730                              {pd product} {ergonomic}
    uintx ProfiledCodeHeapSize                     = 122912730                              {pd product} {ergonomic}
    uintx ReservedCodeCacheSize                    = 251658240                              {pd product} {ergonomic}
     bool SegmentedCodeCache                       = true                                      {product} {ergonomic}
   size_t SoftMaxHeapSize                          = 2109734912                             {manageable} {ergonomic}
     bool UseCompressedClassPointers               = true                           {product lp64_product} {ergonomic}
     bool UseCompressedOops                        = true                           {product lp64_product} {ergonomic}
     bool UseG1GC                                  = true                                      {product} {ergonomic}
     bool UseLargePagesIndividualAllocation        = false                                  {pd product} {ergonomic}

Logging:
Log output configuration:
 #0: stdout all=warning uptime,level,tags
 #1: stderr all=off uptime,level,tags

Environment Variables:
JAVA_HOME=C:\Users\dutch\Desktop\OOP\jdk-16.0.1
PATH=C:\Program Files (x86)\Intel\iCLS Client\;C:\Program Files\Intel\iCLS Client\;C:\WINDOWS\system32;C:\WINDOWS;C:\WINDOWS\System32\Wbem;C:\WINDOWS\System32\WindowsPowerShell\v1.0\;C:\Program Files (x86)\Intel\Intel(R) Management Engine Components\DAL;C:\Program Files\Intel\Intel(R) Management Engine Components\DAL;C:\Program Files (x86)\Intel\Intel(R) Management Engine Components\IPT;C:\Program Files\Intel\Intel(R) Management Engine Components\IPT;C:\Program Files\dotnet\;C:\Program Files\Intel\WiFi\bin\;C:\Program Files\Common Files\Intel\WirelessCommon\;C:\WINDOWS\System32\OpenSSH\;C:\Users\dutch\Desktop\OOP\jdk-16.0.1\bin;C:\Users\dutch\Desktop\OOP\apache-maven-3.8.1\bin;C:\Program Files\Git\cmd;C:\Users\dutch\AppData\Local\Microsoft\WindowsApps;;C:\Program Files\JetBrains\IntelliJ IDEA Community Edition 2021.1.1\bin;
USERNAME=dutch
OS=Windows_NT
PROCESSOR_IDENTIFIER=Intel64 Family 6 Model 78 Stepping 3, GenuineIntel



---------------  S Y S T E M  ---------------

OS:
 Windows 10 , 64 bit Build 19041 (10.0.19041.928)
OS uptime: 0 days 1:14 hours

CPU: total 4 (initial active 4) (2 cores per cpu, 2 threads per core) family 6 model 78 stepping 3 microcode 0xd6, cx8, cmov, fxsr, ht, mmx, 3dnowpref, sse, sse2, sse3, ssse3, sse4.1, sse4.2, popcnt, lzcnt, tsc, tscinvbit, avx, avx2, aes, erms, clmul, bmi1, bmi2, adx, fma, vzeroupper, clflush, clflushopt

Memory: 4k page, system-wide physical 8046M (558M free)
TotalPageFile size 10172M (AvailPageFile size 5M)
current process WorkingSet (physical memory assigned to process): 10M, peak: 10M
current process commit charge ("private bytes"): 177M, peak: 179M

vm_info: OpenJDK 64-Bit Server VM (16.0.1+9-24) for windows-amd64 JRE (16.0.1+9-24), built on Mar 26 2021 19:30:07 by "mach5one" with MS VC++ 16.7 (VS2019)

END.
